<?xml version="1.0" encoding="UTF-8"?>
<testng-results ignored="0" total="1" passed="1" failed="0" skipped="0">
  <reporter-output>
  </reporter-output>
  <suite started-at="2025-05-28T16:57:09 IST" name="Suite" finished-at="2025-05-28T16:57:19 IST" duration-ms="9535">
    <groups>
      <group name="regression">
        <method signature="TC002_LoginTest.login()[pri:0, instance:testCases.TC002_LoginTest@349c1daf]" name="login" class="testCases.TC002_LoginTest"/>
      </group> <!-- regression -->
      <group name="master">
        <method signature="TC002_LoginTest.login()[pri:0, instance:testCases.TC002_LoginTest@349c1daf]" name="login" class="testCases.TC002_LoginTest"/>
      </group> <!-- master -->
    </groups>
    <test started-at="2025-05-28T16:57:09 IST" name="Test" finished-at="2025-05-28T16:57:19 IST" duration-ms="9535">
      <class name="testCases.TC002_LoginTest">
        <test-method is-config="true" signature="setUp(java.lang.String,java.lang.String)[pri:0, instance:testCases.TC002_LoginTest@349c1daf]" started-at="2025-05-28T16:57:10 IST" name="setUp" finished-at="2025-05-28T16:57:16 IST" duration-ms="6461" status="PASS">
          <params>
            <param index="0">
              <value>
                <![CDATA[windows]]>
              </value>
            </param>
            <param index="1">
              <value>
                <![CDATA[chrome]]>
              </value>
            </param>
          </params>
          <reporter-output>
          </reporter-output>
        </test-method> <!-- setUp -->
        <test-method signature="login()[pri:0, instance:testCases.TC002_LoginTest@349c1daf]" started-at="2025-05-28T16:57:16 IST" name="login" finished-at="2025-05-28T16:57:19 IST" duration-ms="2528" status="PASS">
          <reporter-output>
          </reporter-output>
        </test-method> <!-- login -->
        <test-method is-config="true" signature="teardown()[pri:0, instance:testCases.TC002_LoginTest@349c1daf]" started-at="2025-05-28T16:57:19 IST" name="teardown" finished-at="2025-05-28T16:57:19 IST" duration-ms="274" status="PASS">
          <reporter-output>
          </reporter-output>
        </test-method> <!-- teardown -->
      </class> <!-- testCases.TC002_LoginTest -->
    </test> <!-- Test -->
  </suite> <!-- Suite -->
</testng-results>
