<?xml version="1.0" encoding="UTF-8"?>
<testng-results ignored="0" total="1" passed="1" failed="0" skipped="0">
  <reporter-output>
  </reporter-output>
  <suite started-at="2025-05-28T15:56:34 IST" name="Suite" finished-at="2025-05-28T15:56:56 IST" duration-ms="21423">
    <groups>
    </groups>
    <test started-at="2025-05-28T15:56:34 IST" name="Test" finished-at="2025-05-28T15:56:56 IST" duration-ms="21423">
      <class name="testCases.TC004_SearchBookByName">
        <test-method is-config="true" signature="setUp(java.lang.String,java.lang.String)[pri:0, instance:testCases.TC004_SearchBookByName@548e76f1]" started-at="2025-05-28T15:56:34 IST" name="setUp" finished-at="2025-05-28T15:56:47 IST" duration-ms="12771" status="PASS">
          <params>
            <param index="0">
              <value>
                <![CDATA[windows]]>
              </value>
            </param>
            <param index="1">
              <value>
                <![CDATA[chrome]]>
              </value>
            </param>
          </params>
          <reporter-output>
          </reporter-output>
        </test-method> <!-- setUp -->
        <test-method signature="searchBook()[pri:0, instance:testCases.TC004_SearchBookByName@548e76f1]" started-at="2025-05-28T15:56:47 IST" name="searchBook" finished-at="2025-05-28T15:56:55 IST" duration-ms="8078" status="PASS">
          <reporter-output>
          </reporter-output>
        </test-method> <!-- searchBook -->
        <test-method is-config="true" signature="teardown()[pri:0, instance:testCases.TC004_SearchBookByName@548e76f1]" started-at="2025-05-28T15:56:55 IST" name="teardown" finished-at="2025-05-28T15:56:56 IST" duration-ms="274" status="PASS">
          <reporter-output>
          </reporter-output>
        </test-method> <!-- teardown -->
      </class> <!-- testCases.TC004_SearchBookByName -->
    </test> <!-- Test -->
  </suite> <!-- Suite -->
</testng-results>
